[debug] [2023-06-06T19:32:13.831Z] ----------------------------------------------------------------------
[debug] [2023-06-06T19:32:13.831Z] Command:       /usr/local/bin/node /usr/local/bin/firebase init
[debug] [2023-06-06T19:32:13.832Z] CLI Version:   12.3.0
[debug] [2023-06-06T19:32:13.832Z] Platform:      darwin
[debug] [2023-06-06T19:32:13.832Z] Node Version:  v18.15.0
[debug] [2023-06-06T19:32:13.835Z] Time:          Tue Jun 06 2023 13:32:13 GMT-0600 (Central Standard Time)
[debug] [2023-06-06T19:32:13.835Z] ----------------------------------------------------------------------
[debug] 
[debug] [2023-06-06T19:32:13.869Z] > command requires scopes: ["email","openid","https://www.googleapis.com/auth/cloudplatformprojects.readonly","https://www.googleapis.com/auth/firebase","https://www.googleapis.com/auth/cloud-platform"]
[debug] [2023-06-06T19:32:13.869Z] > authorizing via signed-in user (israelalbarran48@gmail.com)
[info] 
     ######## #### ########  ######## ########     ###     ######  ########
     ##        ##  ##     ## ##       ##     ##  ##   ##  ##       ##
     ######    ##  ########  ######   ########  #########  ######  ######
     ##        ##  ##    ##  ##       ##     ## ##     ##       ## ##
     ##       #### ##     ## ######## ########  ##     ##  ######  ########

You're about to initialize a Firebase project in this directory:

  /Users/luismartinez/Desktop/signature_app_masivo

Before we get started, keep in mind:

  * You are initializing within an existing Firebase project directory

[debug] [2023-06-06T19:33:03.954Z] ----------------------------------------------------------------------
[debug] [2023-06-06T19:33:03.955Z] Command:       /usr/local/bin/node /usr/local/bin/firebase init
[debug] [2023-06-06T19:33:03.955Z] CLI Version:   12.3.0
[debug] [2023-06-06T19:33:03.955Z] Platform:      darwin
[debug] [2023-06-06T19:33:03.955Z] Node Version:  v18.15.0
[debug] [2023-06-06T19:33:03.956Z] Time:          Tue Jun 06 2023 13:33:03 GMT-0600 (Central Standard Time)
[debug] [2023-06-06T19:33:03.956Z] ----------------------------------------------------------------------
[debug] 
[debug] [2023-06-06T19:33:03.987Z] > command requires scopes: ["email","openid","https://www.googleapis.com/auth/cloudplatformprojects.readonly","https://www.googleapis.com/auth/firebase","https://www.googleapis.com/auth/cloud-platform"]
[debug] [2023-06-06T19:33:03.987Z] > authorizing via signed-in user (israelalbarran48@gmail.com)
[info] 
     ######## #### ########  ######## ########     ###     ######  ########
     ##        ##  ##     ## ##       ##     ##  ##   ##  ##       ##
     ######    ##  ########  ######   ########  #########  ######  ######
     ##        ##  ##    ##  ##       ##     ## ##     ##       ## ##
     ##       #### ##     ## ######## ########  ##     ##  ######  ########

You're about to initialize a Firebase project in this directory:

  /Users/luismartinez/Desktop/signature_app_masivo

Before we get started, keep in mind:

  * You are initializing within an existing Firebase project directory

[info] 
=== Project Setup
[info] 
[info] First, let's associate this project directory with a Firebase project.
[info] You can create multiple project aliases by running firebase use --add, 
[info] but for now we'll just set up a default project.
[info] 
[debug] [2023-06-06T19:33:27.249Z] Using project from CLI flag: masive-signature-scl
[debug] [2023-06-06T19:33:27.253Z] >>> [apiv2][query] GET https://firebase.googleapis.com/v1beta1/projects/masive-signature-scl [none]
[debug] [2023-06-06T19:33:27.589Z] <<< [apiv2][status] GET https://firebase.googleapis.com/v1beta1/projects/masive-signature-scl 200
[debug] [2023-06-06T19:33:27.589Z] <<< [apiv2][body] GET https://firebase.googleapis.com/v1beta1/projects/masive-signature-scl {"projectId":"masive-signature-scl","projectNumber":"373860706777","displayName":"masive signature scl","name":"projects/masive-signature-scl","resources":{"hostingSite":"masive-signature-scl"},"state":"ACTIVE","etag":"1_4171af85-8a81-45a6-9fb6-13ec05cf7b9f"}
[info] i  Using project masive-signature-scl (masive signature scl) 
[info] 
=== Hosting Setup
[info] 
[info] Your public directory is the folder (relative to your project directory) that
[info] will contain Hosting assets to be uploaded with firebase deploy. If you
[info] have a build process for your assets, use your build's output directory.
[info] 
[info] ✔  Wrote public/404.html 
[debug] [2023-06-06T19:33:50.684Z] >>> [apiv2][query] GET https://www.gstatic.com/firebasejs/releases.json [none]
[debug] [2023-06-06T19:33:50.776Z] <<< [apiv2][status] GET https://www.gstatic.com/firebasejs/releases.json 200
[debug] [2023-06-06T19:33:50.776Z] <<< [apiv2][body] GET https://www.gstatic.com/firebasejs/releases.json {"current":{"version":"9.22.1","browserURL":"https://www.gstatic.com/firebasejs/9.22.1/firebase.js","packageURL":"https://www.gstatic.com/firebasejs/9.22.1/firebase.tgz"},"live":{"version":"9.22","browserURL":"https://www.gstatic.com/firebasejs/live/9.22/firebase.js","packageURL":"https://www.gstatic.com/firebasejs/live/9.22/firebase.tgz"},"components":{"analytics":"https://www.gstatic.com/firebasejs/9.22.1/firebase-analytics.js","app":"https://www.gstatic.com/firebasejs/9.22.1/firebase-app.js","app-check":"https://www.gstatic.com/firebasejs/9.22.1/firebase-app-check.js","auth":"https://www.gstatic.com/firebasejs/9.22.1/firebase-auth.js","auth/cordova":"https://www.gstatic.com/firebasejs/9.22.1/firebase-auth/cordova.js","auth/react-native":"https://www.gstatic.com/firebasejs/9.22.1/firebase-auth/react-native.js","functions":"https://www.gstatic.com/firebasejs/9.22.1/firebase-functions.js","firestore":"https://www.gstatic.com/firebasejs/9.22.1/firebase-firestore.js","firestore/lite":"https://www.gstatic.com/firebasejs/9.22.1/firebase-firestore/lite.js","installations":"https://www.gstatic.com/firebasejs/9.22.1/firebase-installations.js","storage":"https://www.gstatic.com/firebasejs/9.22.1/firebase-storage.js","performance":"https://www.gstatic.com/firebasejs/9.22.1/firebase-performance.js","remote-config":"https://www.gstatic.com/firebasejs/9.22.1/firebase-remote-config.js","messaging":"https://www.gstatic.com/firebasejs/9.22.1/firebase-messaging.js","messaging/sw":"https://www.gstatic.com/firebasejs/9.22.1/firebase-messaging/sw.js","database":"https://www.gstatic.com/firebasejs/9.22.1/firebase-database.js","firestore.memory":"https://www.gstatic.com/firebasejs/9.22.1/firebase-firestore.memory.js"}}
[info] ✔  Wrote public/index.html 
[info] 
[info] i  Writing configuration info to firebase.json... 
[debug] [2023-06-06T19:33:50.902Z] Error: EACCES: permission denied, open '/Users/luismartinez/Desktop/signature_app_masivo/firebase.json'
    at Object.openSync (node:fs:601:3)
    at Object.writeFileSync (node:fs:2249:35)
    at Config.writeProjectFile (/usr/local/lib/node_modules/firebase-tools/lib/config.js:153:12)
    at /usr/local/lib/node_modules/firebase-tools/lib/commands/init.js:176:16
    at process.processTicksAndRejections (node:internal/process/task_queues:95:5)
[error] 
[error] Error: An unexpected error has occurred.
